Command: /home/pedu07/tmp/axi_iic_uvm_monitor_runs_repo/tb/iic_uvm/./simv +UVM_TESTNAME=iic_all_test +UVM_VERBOSITY=UVM_LOW +ntb_random_seed=1 +NUM=200 -cm line+cond+fsm+tgl+branch+assert -cm_dir coverage.vdb -cm_name sim_run01_iic_all_seed1_num200 -l results/run01_iic_all_seed1_num200/sim.log
Chronologic VCS simulator copyright 1991-2024
Contains Synopsys proprietary information.
Compiler version W-2024.09-SP2_Full64; Runtime version W-2024.09-SP2_Full64;  Jun 29 02:34 2026
UVM_INFO /tools/synopsys/vcs/W-2024.09-SP2/etc/uvm-1.2/base/uvm_root.svh(402) @ 0: reporter [UVM/RELNOTES] 
----------------------------------------------------------------
UVM-1.2.Synopsys
(C) 2007-2014 Mentor Graphics Corporation
(C) 2007-2014 Cadence Design Systems, Inc.
(C) 2006-2014 Synopsys, Inc.
(C) 2011-2013 Cypress Semiconductor Corp.
(C) 2013-2014 NVIDIA Corporation
----------------------------------------------------------------

  ***********       IMPORTANT RELEASE NOTES         ************

  You are using a version of the UVM library that has been compiled
  with `UVM_NO_DEPRECATED undefined.
  See http://www.eda.org/svdb/view.php?id=3313 for more details.

  You are using a version of the UVM library that has been compiled
  with `UVM_OBJECT_DO_NOT_NEED_CONSTRUCTOR undefined.
  See http://www.eda.org/svdb/view.php?id=3770 for more details.

      (Specify +UVM_NO_RELNOTES to turn off this notice)

UVM_INFO @ 0: reporter [RNTST] Running test iic_all_test...
UVM_INFO /tools/synopsys/vcs/W-2024.09-SP2/etc/uvm-1.2/base/uvm_root.svh(589) @ 0: reporter [UVMTOP] UVM testbench topology:
-----------------------------------------------------------------
Name                       Type                       Size  Value
-----------------------------------------------------------------
uvm_test_top               iic_all_test               -     @342 
  env                      iic_env                    -     @355 
    agt                    iic_agent                  -     @364 
      drv                  iic_driver                 -     @559 
        expected_ap        uvm_analysis_port          -     @588 
        rsp_port           uvm_analysis_port          -     @578 
        seq_item_port      uvm_seq_item_pull_port     -     @568 
      mon                  iic_monitor                -     @598 
        ap                 uvm_analysis_port          -     @607 
      sqr                  uvm_sequencer              -     @422 
        rsp_export         uvm_analysis_export        -     @431 
        seq_item_export    uvm_seq_item_pull_imp      -     @549 
        arbitration_queue  array                      0     -    
        lock_queue         array                      0     -    
        num_last_reqs      integral                   32    'd1  
        num_last_rsps      integral                   32    'd1  
    cov                    iic_coverage               -     @402 
      analysis_imp         uvm_analysis_imp           -     @411 
    scb                    iic_scoreboard             -     @373 
      expected_imp         uvm_analysis_imp_expected  -     @382 
      observed_imp         uvm_analysis_imp_observed  -     @392 
-----------------------------------------------------------------

UVM_INFO /tools/synopsys/vcs/W-2024.09-SP2/etc/uvm-1.2/base/uvm_objection.svh(1276) @ 3443455000: reporter [TEST_DONE] 'run' phase is ready to proceed to the 'extract' phase
UVM_INFO iic_coverage.sv(66) @ 3443455000: uvm_test_top.env.cov [COV] ==================================================
UVM_INFO iic_coverage.sv(67) @ 3443455000: uvm_test_top.env.cov [COV] IIC functional coverage:  81.23 %
UVM_INFO iic_coverage.sv(68) @ 3443455000: uvm_test_top.env.cov [COV] op coverage          : 100.00 %
UVM_INFO iic_coverage.sv(69) @ 3443455000: uvm_test_top.env.cov [COV] addr coverage        : 100.00 %
UVM_INFO iic_coverage.sv(70) @ 3443455000: uvm_test_top.env.cov [COV] data coverage        : 100.00 %
UVM_INFO iic_coverage.sv(71) @ 3443455000: uvm_test_top.env.cov [COV] clk_div coverage     : 100.00 %
UVM_INFO iic_coverage.sv(72) @ 3443455000: uvm_test_top.env.cov [COV] ==================================================
UVM_INFO iic_scoreboard.sv(126) @ 3443455000: uvm_test_top.env.scb [SCB] ==================================================
UVM_INFO iic_scoreboard.sv(127) @ 3443455000: uvm_test_top.env.scb [SCB] IIC scoreboard PASS=211 FAIL=0
UVM_INFO iic_scoreboard.sv(128) @ 3443455000: uvm_test_top.env.scb [SCB] ==================================================
UVM_INFO iic_scoreboard.sv(130) @ 3443455000: uvm_test_top.env.scb [SCB] >>> ALL PASS
UVM_INFO /tools/synopsys/vcs/W-2024.09-SP2/etc/uvm-1.2/base/uvm_report_catcher.svh(705) @ 3443455000: reporter [UVM/REPORT/CATCHER] 
--- UVM Report catcher Summary ---


Number of demoted UVM_FATAL reports  :    0
Number of demoted UVM_ERROR reports  :    0
Number of demoted UVM_WARNING reports:    0
Number of caught UVM_FATAL reports   :    0
Number of caught UVM_ERROR reports   :    0
Number of caught UVM_WARNING reports :    0

UVM_INFO /tools/synopsys/vcs/W-2024.09-SP2/etc/uvm-1.2/base/uvm_report_server.svh(904) @ 3443455000: reporter [UVM/REPORT/SERVER] 
--- UVM Report Summary ---

** Report counts by severity
UVM_INFO :   16
UVM_WARNING :    0
UVM_ERROR :    0
UVM_FATAL :    0
** Report counts by id
[COV]     7
[RNTST]     1
[SCB]     4
[TEST_DONE]     1
[UVM/RELNOTES]     1
[UVM/REPORT/CATCHER]     1
[UVMTOP]     1

$finish called from file "/tools/synopsys/vcs/W-2024.09-SP2/etc/uvm-1.2/base/uvm_root.svh", line 527.
$finish at simulation time           3443455000

---------------------------------------------------------------------------
VCS Coverage Metrics: during simulation line, cond, FSM, branch, tgl was monitored
---------------------------------------------------------------------------
           V C S   S i m u l a t i o n   R e p o r t 
Time: 3443455000 ps
CPU Time:      0.760 seconds;       Data structure size:   0.6Mb
Mon Jun 29 02:34:07 2026
